{
  "D:\\Projects\\entropy-cli\\app\\[id]\\page.tsx": {
    "path": "D:\\Projects\\entropy-cli\\app\\[id]\\page.tsx",
    "statementMap": {
      "0": {
        "start": { "line": 14, "column": 0 },
        "end": { "line": 14, "column": 15 }
      },
      "1": {
        "start": { "line": 4, "column": 18 },
        "end": { "line": 4, "column": null }
      },
      "2": {
        "start": { "line": 6, "column": 36 },
        "end": { "line": 13, "column": null }
      },
      "3": {
        "start": { "line": 14, "column": 15 },
        "end": { "line": 14, "column": null }
      }
    },
    "fnMap": {
      "0": {
        "name": "(anonymous_0)",
        "decl": {
          "start": { "line": 14, "column": 0 },
          "end": { "line": 14, "column": 15 }
        },
        "loc": {
          "start": { "line": 14, "column": 0 },
          "end": { "line": 14, "column": 15 }
        }
      },
      "1": {
        "name": "(anonymous_2)",
        "decl": {
          "start": { "line": 6, "column": 36 },
          "end": { "line": 6, "column": 37 }
        },
        "loc": {
          "start": { "line": 6, "column": 63 },
          "end": { "line": 13, "column": null }
        }
      }
    },
    "branchMap": {},
    "s": { "0": 1, "1": 1, "2": 1, "3": 1 },
    "f": { "0": 1, "1": 1 },
    "b": {}
  }
}
